c:\users\이상민\desktop\c_programming\two_dim_array\two_dim_array\debug\vc142.pdb
c:\users\이상민\desktop\c_programming\two_dim_array\two_dim_array\debug\vc142.idb
c:\users\이상민\desktop\c_programming\two_dim_array\two_dim_array\debug\소스.obj
c:\users\이상민\desktop\c_programming\two_dim_array\two_dim_array\debug\grade_program.obj
c:\users\이상민\desktop\c_programming\two_dim_array\two_dim_array\debug\asd.obj
c:\users\이상민\desktop\c_programming\two_dim_array\debug\two_dim_array.exe
c:\users\이상민\desktop\c_programming\two_dim_array\debug\two_dim_array.ilk
c:\users\이상민\desktop\c_programming\two_dim_array\debug\two_dim_array.pdb
c:\users\이상민\desktop\c_programming\two_dim_array\two_dim_array\debug\two_dim_array.tlog\cl.command.1.tlog
c:\users\이상민\desktop\c_programming\two_dim_array\two_dim_array\debug\two_dim_array.tlog\cl.read.1.tlog
c:\users\이상민\desktop\c_programming\two_dim_array\two_dim_array\debug\two_dim_array.tlog\cl.write.1.tlog
c:\users\이상민\desktop\c_programming\two_dim_array\two_dim_array\debug\two_dim_array.tlog\link.10264-cvtres.read.1.tlog
c:\users\이상민\desktop\c_programming\two_dim_array\two_dim_array\debug\two_dim_array.tlog\link.10264-cvtres.write.1.tlog
c:\users\이상민\desktop\c_programming\two_dim_array\two_dim_array\debug\two_dim_array.tlog\link.10264-rc.read.1.tlog
c:\users\이상민\desktop\c_programming\two_dim_array\two_dim_array\debug\two_dim_array.tlog\link.10264-rc.write.1.tlog
c:\users\이상민\desktop\c_programming\two_dim_array\two_dim_array\debug\two_dim_array.tlog\link.10264.read.1.tlog
c:\users\이상민\desktop\c_programming\two_dim_array\two_dim_array\debug\two_dim_array.tlog\link.10264.write.1.tlog
c:\users\이상민\desktop\c_programming\two_dim_array\two_dim_array\debug\two_dim_array.tlog\link.command.1.tlog
c:\users\이상민\desktop\c_programming\two_dim_array\two_dim_array\debug\two_dim_array.tlog\link.read.1.tlog
c:\users\이상민\desktop\c_programming\two_dim_array\two_dim_array\debug\two_dim_array.tlog\link.write.1.tlog
